2019-06-27 10:48:48,476 INFO (StartupInfoLogger.java:50)- Starting AysnlogApplication on DESKTOP-6QILT2P with PID 18484 (F:\springboot-demo\aysnlog\target\classes started by HP in F:\springboot-demo\aysnlog)
2019-06-27 10:48:48,479 INFO (SpringApplication.java:646)- No active profile set, falling back to default profiles: default
2019-06-27 10:48:48,925 WARN (Logger.java:44)- No MyBatis mapper was found in '[com.xiaowu.aysnlog.dao]' package. Please check your configuration.
2019-06-27 10:48:49,041 WARN (Logger.java:44)- No MyBatis mapper was found in '[com.xiaowu.aysnlog]' package. Please check your configuration.
2019-06-27 10:48:49,833 INFO (TomcatWebServer.java:90)- Tomcat initialized with port(s): 8080 (http)
2019-06-27 10:48:49,858 INFO (DirectJDKLog.java:173)- Initializing ProtocolHandler ["http-nio-8080"]
2019-06-27 10:48:49,866 INFO (DirectJDKLog.java:173)- Starting service [Tomcat]
2019-06-27 10:48:49,867 INFO (DirectJDKLog.java:173)- Starting Servlet engine: [Apache Tomcat/9.0.21]
2019-06-27 10:48:49,956 INFO (DirectJDKLog.java:173)- Initializing Spring embedded WebApplicationContext
2019-06-27 10:48:49,956 INFO (ServletWebServerApplicationContext.java:283)- Root WebApplicationContext: initialization completed in 1443 ms
2019-06-27 10:48:50,160 INFO (ExecutorConfigurationSupport.java:171)- Initializing ExecutorService 'applicationTaskExecutor'
2019-06-27 10:48:50,530 INFO (DirectJDKLog.java:173)- Starting ProtocolHandler ["http-nio-8080"]
2019-06-27 10:48:50,548 INFO (TomcatWebServer.java:202)- Tomcat started on port(s): 8080 (http) with context path ''
2019-06-27 10:48:50,551 INFO (StartupInfoLogger.java:59)- Started AysnlogApplication in 2.358 seconds (JVM running for 2.785)
2019-06-27 13:31:08,111 INFO (StartupInfoLogger.java:50)- Starting AysnlogApplication on DESKTOP-6QILT2P with PID 3712 (F:\springboot-demo\aysnlog\target\classes started by HP in F:\springboot-demo\aysnlog)
2019-06-27 13:31:08,113 DEBUG (StartupInfoLogger.java:53)- Running with Spring Boot v2.1.6.RELEASE, Spring v5.1.8.RELEASE
2019-06-27 13:31:08,113 INFO (SpringApplication.java:646)- No active profile set, falling back to default profiles: default
2019-06-27 13:31:10,531 INFO (StartupInfoLogger.java:59)- Started AysnlogApplication in 2.703 seconds (JVM running for 3.152)
2019-06-27 13:31:13,738 DEBUG (BaseJdbcLogger.java:143)- ==>  Preparing: SELECT * FROM t_user where username = ? and password = ? 
2019-06-27 13:31:13,756 DEBUG (BaseJdbcLogger.java:143)- ==> Parameters: admin(String), admin(String)
2019-06-27 13:31:13,770 DEBUG (BaseJdbcLogger.java:143)- <==      Total: 1
2019-06-27 13:31:13,772 INFO (UserController.java:50)- admin登录成功
2019-06-27 13:31:13,784 INFO (UserLoginListener.java:19)- 监听到用户登录消息：admin用户登录
2019-06-27 14:17:18,723 INFO (StartupInfoLogger.java:50)- Starting AysnlogApplication on DESKTOP-6QILT2P with PID 10064 (F:\springboot-demo\aysnlog\target\classes started by HP in F:\springboot-demo\aysnlog)
2019-06-27 14:17:18,725 DEBUG (StartupInfoLogger.java:53)- Running with Spring Boot v2.1.6.RELEASE, Spring v5.1.8.RELEASE
2019-06-27 14:17:18,726 INFO (SpringApplication.java:646)- No active profile set, falling back to default profiles: default
2019-06-27 14:17:21,228 INFO (StartupInfoLogger.java:59)- Started AysnlogApplication in 2.804 seconds (JVM running for 3.268)
2019-06-27 15:59:37,450 INFO (StartupInfoLogger.java:50)- Starting AysnlogApplication on DESKTOP-6QILT2P with PID 21112 (F:\springboot-demo\aysnlog\target\classes started by HP in F:\springboot-demo\aysnlog)
2019-06-27 15:59:37,453 DEBUG (StartupInfoLogger.java:53)- Running with Spring Boot v2.1.6.RELEASE, Spring v5.1.8.RELEASE
2019-06-27 15:59:37,453 INFO (SpringApplication.java:646)- No active profile set, falling back to default profiles: default
2019-06-27 15:59:39,780 INFO (StartupInfoLogger.java:59)- Started AysnlogApplication in 2.606 seconds (JVM running for 3.041)
2019-06-27 16:01:38,969 INFO (StartupInfoLogger.java:50)- Starting AysnlogApplication on DESKTOP-6QILT2P with PID 12760 (F:\springboot-demo\aysnlog\target\classes started by HP in F:\springboot-demo\aysnlog)
2019-06-27 16:01:38,971 DEBUG (StartupInfoLogger.java:53)- Running with Spring Boot v2.1.6.RELEASE, Spring v5.1.8.RELEASE
2019-06-27 16:01:38,971 INFO (SpringApplication.java:646)- No active profile set, falling back to default profiles: default
2019-06-27 16:01:41,344 INFO (StartupInfoLogger.java:59)- Started AysnlogApplication in 2.662 seconds (JVM running for 3.093)
2019-06-27 16:03:40,639 INFO (StartupInfoLogger.java:50)- Starting AysnlogApplication on DESKTOP-6QILT2P with PID 15596 (F:\springboot-demo\aysnlog\target\classes started by HP in F:\springboot-demo\aysnlog)
2019-06-27 16:03:40,641 DEBUG (StartupInfoLogger.java:53)- Running with Spring Boot v2.1.6.RELEASE, Spring v5.1.8.RELEASE
2019-06-27 16:03:40,642 INFO (SpringApplication.java:646)- No active profile set, falling back to default profiles: default
2019-06-27 16:03:43,064 INFO (StartupInfoLogger.java:59)- Started AysnlogApplication in 2.738 seconds (JVM running for 3.176)
2019-06-27 16:04:34,961 INFO (EmailServiceImpl.java:22)- 我生产了一条消息{"subject":"email-server-producer","to":"xiaowu5759@gmail.com","text":"<html><head></head><body><h1>邮件测试</h1><p>hello!this is mail test。</p></body></html>"}
2019-06-27 16:07:26,292 INFO (StartupInfoLogger.java:50)- Starting AysnlogApplication on DESKTOP-6QILT2P with PID 17756 (F:\springboot-demo\aysnlog\target\classes started by HP in F:\springboot-demo\aysnlog)
2019-06-27 16:07:26,294 DEBUG (StartupInfoLogger.java:53)- Running with Spring Boot v2.1.6.RELEASE, Spring v5.1.8.RELEASE
2019-06-27 16:07:26,294 INFO (SpringApplication.java:646)- No active profile set, falling back to default profiles: default
2019-06-27 16:07:28,704 INFO (MailMessageListener.java:33)- 我监听到消息了
2019-06-27 16:07:28,748 INFO (StartupInfoLogger.java:59)- Started AysnlogApplication in 2.74 seconds (JVM running for 3.159)
2019-06-27 16:21:24,282 INFO (StartupInfoLogger.java:50)- Starting AysnlogApplication on DESKTOP-6QILT2P with PID 19872 (F:\springboot-demo\aysnlog\target\classes started by HP in F:\springboot-demo\aysnlog)
2019-06-27 16:21:24,284 DEBUG (StartupInfoLogger.java:53)- Running with Spring Boot v2.1.6.RELEASE, Spring v5.1.8.RELEASE
2019-06-27 16:21:24,284 INFO (SpringApplication.java:646)- No active profile set, falling back to default profiles: default
2019-06-27 16:21:26,831 INFO (StartupInfoLogger.java:59)- Started AysnlogApplication in 2.849 seconds (JVM running for 3.312)
2019-06-27 16:21:36,813 INFO (EmailServiceImpl.java:22)- 我生产了一条消息{"subject":"email-server-producer","to":"xiaowu5759@gmail.com","text":"<html><head></head><body><h1>邮件测试</h1><p>hello!this is mail test。</p></body></html>"}
2019-06-27 16:21:36,820 INFO (MailMessageListener.java:34)- 我监听到消息了
2019-06-27 16:21:37,950 ERROR (MailMessageListener.java:76)- 发送简单邮件时发生异常！
org.springframework.mail.MailAuthenticationException: Authentication failed; nested exception is javax.mail.AuthenticationFailedException: 535 Error: ÇëÊ¹ÓÃÊÚÈ¨ÂëµÇÂ¼¡£ÏêÇéÇë¿´: http://service.mail.qq.com/cgi-bin/help?subtype=1&&id=28&&no=1001256

	at org.springframework.mail.javamail.JavaMailSenderImpl.doSend(JavaMailSenderImpl.java:439)
	at org.springframework.mail.javamail.JavaMailSenderImpl.send(JavaMailSenderImpl.java:322)
	at org.springframework.mail.javamail.JavaMailSenderImpl.send(JavaMailSenderImpl.java:311)
	at com.xiaowu.aysnlog.common.logger.MailMessageListener.sendHtmlMail(MailMessageListener.java:73)
	at com.xiaowu.aysnlog.common.logger.MailMessageListener.onMessage(MailMessageListener.java:42)
	at sun.reflect.NativeMethodAccessorImpl.invoke0(Native Method)
	at sun.reflect.NativeMethodAccessorImpl.invoke(NativeMethodAccessorImpl.java:62)
	at sun.reflect.DelegatingMethodAccessorImpl.invoke(DelegatingMethodAccessorImpl.java:43)
	at java.lang.reflect.Method.invoke(Method.java:498)
	at org.springframework.messaging.handler.invocation.InvocableHandlerMethod.doInvoke(InvocableHandlerMethod.java:171)
	at org.springframework.messaging.handler.invocation.InvocableHandlerMethod.invoke(InvocableHandlerMethod.java:120)
	at org.springframework.amqp.rabbit.listener.adapter.DelegatingInvocableHandler.invoke(DelegatingInvocableHandler.java:130)
	at org.springframework.amqp.rabbit.listener.adapter.HandlerAdapter.invoke(HandlerAdapter.java:61)
	at org.springframework.amqp.rabbit.listener.adapter.MessagingMessageListenerAdapter.invokeHandler(MessagingMessageListenerAdapter.java:196)
	at org.springframework.amqp.rabbit.listener.adapter.MessagingMessageListenerAdapter.onMessage(MessagingMessageListenerAdapter.java:129)
	at org.springframework.amqp.rabbit.listener.AbstractMessageListenerContainer.doInvokeListener(AbstractMessageListenerContainer.java:1552)
	at org.springframework.amqp.rabbit.listener.AbstractMessageListenerContainer.actualInvokeListener(AbstractMessageListenerContainer.java:1478)
	at org.springframework.amqp.rabbit.listener.AbstractMessageListenerContainer.invokeListener(AbstractMessageListenerContainer.java:1466)
	at org.springframework.amqp.rabbit.listener.AbstractMessageListenerContainer.doExecuteListener(AbstractMessageListenerContainer.java:1461)
	at org.springframework.amqp.rabbit.listener.AbstractMessageListenerContainer.executeListener(AbstractMessageListenerContainer.java:1410)
	at org.springframework.amqp.rabbit.listener.SimpleMessageListenerContainer.doReceiveAndExecute(SimpleMessageListenerContainer.java:870)
	at org.springframework.amqp.rabbit.listener.SimpleMessageListenerContainer.receiveAndExecute(SimpleMessageListenerContainer.java:854)
	at org.springframework.amqp.rabbit.listener.SimpleMessageListenerContainer.access$1600(SimpleMessageListenerContainer.java:78)
	at org.springframework.amqp.rabbit.listener.SimpleMessageListenerContainer$AsyncMessageProcessingConsumer.mainLoop(SimpleMessageListenerContainer.java:1137)
	at org.springframework.amqp.rabbit.listener.SimpleMessageListenerContainer$AsyncMessageProcessingConsumer.run(SimpleMessageListenerContainer.java:1043)
	at java.lang.Thread.run(Thread.java:748)
Caused by: javax.mail.AuthenticationFailedException: 535 Error: ÇëÊ¹ÓÃÊÚÈ¨ÂëµÇÂ¼¡£ÏêÇéÇë¿´: http://service.mail.qq.com/cgi-bin/help?subtype=1&&id=28&&no=1001256

	at com.sun.mail.smtp.SMTPTransport$Authenticator.authenticate(SMTPTransport.java:965)
	at com.sun.mail.smtp.SMTPTransport.authenticate(SMTPTransport.java:876)
	at com.sun.mail.smtp.SMTPTransport.protocolConnect(SMTPTransport.java:780)
	at javax.mail.Service.connect(Service.java:366)
	at org.springframework.mail.javamail.JavaMailSenderImpl.connectTransport(JavaMailSenderImpl.java:517)
	at org.springframework.mail.javamail.JavaMailSenderImpl.doSend(JavaMailSenderImpl.java:436)
	... 25 common frames omitted
2019-06-27 16:25:14,054 INFO (StartupInfoLogger.java:50)- Starting AysnlogApplication on DESKTOP-6QILT2P with PID 13464 (F:\springboot-demo\aysnlog\target\classes started by HP in F:\springboot-demo\aysnlog)
2019-06-27 16:25:14,056 DEBUG (StartupInfoLogger.java:53)- Running with Spring Boot v2.1.6.RELEASE, Spring v5.1.8.RELEASE
2019-06-27 16:25:14,057 INFO (SpringApplication.java:646)- No active profile set, falling back to default profiles: default
2019-06-27 16:25:16,655 INFO (StartupInfoLogger.java:59)- Started AysnlogApplication in 2.884 seconds (JVM running for 3.312)
2019-06-27 16:25:20,557 INFO (EmailServiceImpl.java:22)- 我生产了一条消息{"subject":"email-server-producer","to":"xiaowu5759@gmail.com","text":"<html><head></head><body><h1>邮件测试</h1><p>hello!this is mail test。</p></body></html>"}
2019-06-27 16:25:20,563 INFO (MailMessageListener.java:34)- 我监听到消息了
2019-06-27 16:25:22,681 INFO (MailMessageListener.java:74)- 简单邮件已经发送。
